4
53
854
973
1408




28
35
66
91
100
155
195
209
250
295
342
401
408
479
555
562
570
632
666
758
784
902
945
950
1121
1134
1154
1219
1229




81
3
6
15
21
26
32
46
48
52
57
59
61
65
74
79
88
94
101
112
115
121
131
139
143
147
157
169
172
177
185
191
194
199
205
212
221
224
228
231
235
237
240
244
250
256
258
262
271
275
277
292
295
296
302
318
321
329
335
344
347
351
355
363
367
369
372
385
388
397
399
403
415
425
427
435
442
453
457
465
475
479




0




3
83
378
524




1
2308




3
477
773
1392




5
350
387
612
760
854




8
68
228
509
713
831
1574
1602
1923




2
179
950




0




1
1




