







































7
38
70
356
360
411
552
564


0


0


111
9
15
17
22
23
30
35
39
52
69
72
77
86
94
109
115
128
133
136
149
161
166
179
184
190
202
203
218
219
231
238
239
240
241
251
256
271
283
291
295
300
302
305
318
323
328
332
340
370
378
406
426
445
447
449
459
471
482
488
501
507
516
530
540
547
565
575
578
594
598
616
628
642
649
652
669
693
711
722
724
732
734
742
754
757
781
787
791
797
803
809
813
825
833
836
839
840
860
862
867
868
892
922
931
933
958
962
966
990
1003
1007


0


31
5
9
25
42
55
65
74
85
92
118
127
128
139
147
149
167
168
174
198
199
217
220
239
271
274
280
296
300
325
335
342


0


0


1
11


16
8
9
10
22
27
29
32
42
66
83
105
106
130
146
163
172


